# JRE version: OpenJDK Runtime Environment (11.0.11+9) (build 11.0.11+9-b60-7590822)
# Java VM: OpenJDK 64-Bit Server VM (11.0.11+9-b60-7590822, mixed mode, tiered, compressed oops, g1 gc, windows-amd64)
Heap:
 garbage-first heap   total 131072K, used 46789K [0x0000000080000000, 0x0000000100000000)
  region size 1024K, 20 young (20480K), 2 survivors (2048K)
 Metaspace       used 39142K, capacity 40018K, committed 40348K, reserved 1085440K
  class space    used 4949K, capacity 5287K, committed 5376K, reserved 1048576K
GC Heap History (20 events):
Event: 16.486 GC heap before
{Heap before GC invocations=4 (full 0):
 garbage-first heap   total 57344K, used 34364K [0x0000000080000000, 0x0000000100000000)
  region size 1024K, 23 young (23552K), 3 survivors (3072K)
 Metaspace       used 14353K, capacity 14717K, committed 14848K, reserved 1062912K
  class space    used 1626K, capacity 1718K, committed 1792K, reserved 1048576K
}
Event: 17.132 GC heap after
{Heap after GC invocations=5 (full 0):
 garbage-first heap   total 57344K, used 15653K [0x0000000080000000, 0x0000000100000000)
  region size 1024K, 2 young (2048K), 2 survivors (2048K)
 Metaspace       used 14353K, capacity 14717K, committed 14848K, reserved 1062912K
  class space    used 1626K, capacity 1718K, committed 1792K, reserved 1048576K
}
Event: 24.092 GC heap before
{Heap before GC invocations=5 (full 0):
 garbage-first heap   total 57344K, used 31013K [0x0000000080000000, 0x0000000100000000)
  region size 1024K, 17 young (17408K), 2 survivors (2048K)
 Metaspace       used 17685K, capacity 18120K, committed 18432K, reserved 1064960K
  class space    used 2089K, capacity 2219K, committed 2304K, reserved 1048576K
}
Event: 24.264 GC heap after
{Heap after GC invocations=6 (full 0):
 garbage-first heap   total 57344K, used 16749K [0x0000000080000000, 0x0000000100000000)
  region size 1024K, 3 young (3072K), 3 survivors (3072K)
 Metaspace       used 17685K, capacity 18120K, committed 18432K, reserved 1064960K
  class space    used 2089K, capacity 2219K, committed 2304K, reserved 1048576K
}
Event: 26.419 GC heap before
{Heap before GC invocations=6 (full 0):
 garbage-first heap   total 57344K, used 33133K [0x0000000080000000, 0x0000000100000000)
  region size 1024K, 19 young (19456K), 3 survivors (3072K)
 Metaspace       used 19524K, capacity 19970K, committed 20224K, reserved 1067008K
  class space    used 2377K, capacity 2516K, committed 2560K, reserved 1048576K
}
Event: 26.471 GC heap after
{Heap after GC invocations=7 (full 0):
 garbage-first heap   total 108544K, used 17189K [0x0000000080000000, 0x0000000100000000)
  region size 1024K, 2 young (2048K), 2 survivors (2048K)
 Metaspace       used 19524K, capacity 19970K, committed 20224K, reserved 1067008K
  class space    used 2377K, capacity 2516K, committed 2560K, reserved 1048576K
}
Event: 31.294 GC heap before
{Heap before GC invocations=7 (full 0):
 garbage-first heap   total 108544K, used 24357K [0x0000000080000000, 0x0000000100000000)
  region size 1024K, 10 young (10240K), 2 survivors (2048K)
 Metaspace       used 20736K, capacity 21166K, committed 21296K, reserved 1069056K
  class space    used 2530K, capacity 2659K, committed 2688K, reserved 1048576K
}
Event: 31.391 GC heap after
{Heap after GC invocations=8 (full 0):
 garbage-first heap   total 108544K, used 17628K [0x0000000080000000, 0x0000000100000000)
  region size 1024K, 1 young (1024K), 1 survivors (1024K)
 Metaspace       used 20736K, capacity 21166K, committed 21296K, reserved 1069056K
  class space    used 2530K, capacity 2659K, committed 2688K, reserved 1048576K
}
Event: 34.226 GC heap before
{Heap before GC invocations=9 (full 0):
 garbage-first heap   total 108544K, used 38108K [0x0000000080000000, 0x0000000100000000)
  region size 1024K, 21 young (21504K), 1 survivors (1024K)
 Metaspace       used 22640K, capacity 23232K, committed 23548K, reserved 1069056K
  class space    used 2875K, capacity 3077K, committed 3200K, reserved 1048576K
}
Event: 34.277 GC heap after
{Heap after GC invocations=10 (full 0):
 garbage-first heap   total 108544K, used 18125K [0x0000000080000000, 0x0000000100000000)
  region size 1024K, 2 young (2048K), 2 survivors (2048K)
 Metaspace       used 22640K, capacity 23232K, committed 23548K, reserved 1069056K
  class space    used 2875K, capacity 3077K, committed 3200K, reserved 1048576K
}
Event: 37.661 GC heap before
{Heap before GC invocations=10 (full 0):
 garbage-first heap   total 108544K, used 42701K [0x0000000080000000, 0x0000000100000000)
  region size 1024K, 26 young (26624K), 2 survivors (2048K)
 Metaspace       used 25260K, capacity 25871K, committed 26112K, reserved 1071104K
  class space    used 3261K, capacity 3467K, committed 3584K, reserved 1048576K
}
Event: 37.736 GC heap after
{Heap after GC invocations=11 (full 0):
 garbage-first heap   total 108544K, used 19385K [0x0000000080000000, 0x0000000100000000)
  region size 1024K, 3 young (3072K), 3 survivors (3072K)
 Metaspace       used 25260K, capacity 25871K, committed 26112K, reserved 1071104K
  class space    used 3261K, capacity 3467K, committed 3584K, reserved 1048576K
}
Event: 44.046 GC heap before
{Heap before GC invocations=11 (full 0):
 garbage-first heap   total 108544K, used 51129K [0x0000000080000000, 0x0000000100000000)
  region size 1024K, 34 young (34816K), 3 survivors (3072K)
 Metaspace       used 28195K, capacity 28824K, committed 29056K, reserved 1075200K
  class space    used 3722K, capacity 3943K, committed 3968K, reserved 1048576K
}
Event: 44.137 GC heap after
{Heap after GC invocations=12 (full 0):
 garbage-first heap   total 131072K, used 20449K [0x0000000080000000, 0x0000000100000000)
  region size 1024K, 4 young (4096K), 4 survivors (4096K)
 Metaspace       used 28195K, capacity 28824K, committed 29056K, reserved 1075200K
  class space    used 3722K, capacity 3943K, committed 3968K, reserved 1048576K
}
Event: 52.222 GC heap before
{Heap before GC invocations=12 (full 0):
 garbage-first heap   total 131072K, used 55265K [0x0000000080000000, 0x0000000100000000)
  region size 1024K, 39 young (39936K), 4 survivors (4096K)
 Metaspace       used 34988K, capacity 35807K, committed 35968K, reserved 1081344K
  class space    used 4561K, capacity 4889K, committed 4992K, reserved 1048576K
}
Event: 52.811 GC heap after
{Heap after GC invocations=13 (full 0):
 garbage-first heap   total 131072K, used 22934K [0x0000000080000000, 0x0000000100000000)
  region size 1024K, 5 young (5120K), 5 survivors (5120K)
 Metaspace       used 34988K, capacity 35807K, committed 35968K, reserved 1081344K
  class space    used 4561K, capacity 4889K, committed 4992K, reserved 1048576K
}
Event: 56.470 GC heap before
{Heap before GC invocations=14 (full 0):
 garbage-first heap   total 131072K, used 32150K [0x0000000080000000, 0x0000000100000000)
  region size 1024K, 15 young (15360K), 5 survivors (5120K)
 Metaspace       used 37187K, capacity 38055K, committed 38428K, reserved 1083392K
  class space    used 4823K, capacity 5149K, committed 5248K, reserved 1048576K
}
Event: 56.662 GC heap after
{Heap after GC invocations=15 (full 0):
 garbage-first heap   total 131072K, used 25042K [0x0000000080000000, 0x0000000100000000)
  region size 1024K, 2 young (2048K), 2 survivors (2048K)
 Metaspace       used 37187K, capacity 38055K, committed 38428K, reserved 1083392K
  class space    used 4823K, capacity 5149K, committed 5248K, reserved 1048576K
}
Event: 58.603 GC heap before
{Heap before GC invocations=16 (full 0):
 garbage-first heap   total 131072K, used 40402K [0x0000000080000000, 0x0000000100000000)
  region size 1024K, 17 young (17408K), 2 survivors (2048K)
 Metaspace       used 37493K, capacity 38365K, committed 38684K, reserved 1083392K
  class space    used 4843K, capacity 5165K, committed 5248K, reserved 1048576K
}
Event: 58.644 GC heap after
{Heap after GC invocations=17 (full 0):
 garbage-first heap   total 131072K, used 27333K [0x0000000080000000, 0x0000000100000000)
  region size 1024K, 2 young (2048K), 2 survivors (2048K)
 Metaspace       used 37493K, capacity 38365K, committed 38684K, reserved 1083392K
  class space    used 4843K, capacity 5165K, committed 5248K, reserved 1048576K
}

